<?xml version="1.0" encoding="UTF-8"?>
<!-- Generated by org.testng.reporters.JUnitReportReporter -->
<testsuite skipped="1" hostname="Lenovo" name="org.asser.Employee" tests="3" failures="0" timestamp="04 Feb 2022 14:15:05 GMT" time="0.051" errors="0">
  <testcase name="tc3" time="0.041" classname="org.asser.Employee"/>
  <testcase name="tc1" time="0.010" classname="org.asser.Employee"/>
  <testcase name="tc2" classname="org.asser.Employee">
    <skipped/>
  </testcase> <!-- tc2 -->
</testsuite> <!-- org.asser.Employee -->
