<?xml version="1.0" encoding="UTF-8"?>
<!-- Generated by org.testng.reporters.JUnitReportReporter -->
<testsuite skipped="0" hostname="Lenovo" name="org.asser.Sample" tests="3" failures="0" timestamp="04 Feb 2022 14:15:05 GMT" time="0.277" errors="0">
  <testcase name="tc1" time="0.015" classname="org.asser.Sample"/>
  <testcase name="tc2" time="0.008" classname="org.asser.Sample"/>
  <testcase name="tc33" time="0.254" classname="org.asser.Sample"/>
</testsuite> <!-- org.asser.Sample -->
