<?xml version="1.0" encoding="UTF-8"?>
<!-- Generated by org.testng.reporters.JUnitReportReporter -->
<testsuite skipped="0" hostname="Lenovo" name="org.test.C" tests="1" failures="0" timestamp="07 Jan 2022 05:49:52 GMT" time="0.050" errors="0">
  <testcase name="tc22" time="0.050" classname="org.test.C"/>
</testsuite> <!-- org.test.C -->
