<?xml version="1.0" encoding="UTF-8"?>
<!-- Generated by org.testng.reporters.JUnitReportReporter -->
<testsuite skipped="1" hostname="Lenovo" name="org.test.Demo" tests="10" failures="0" timestamp="07 Jan 2022 05:27:29 GMT" time="0.058" errors="0">
  <testcase name="tc4" time="0.036" classname="org.test.Demo"/>
  <testcase name="tc1" time="0.004" classname="org.test.Demo"/>
  <testcase name="tc5" time="0.002" classname="org.test.Demo"/>
  <testcase name="tc5" time="0.002" classname="org.test.Demo"/>
  <testcase name="tc5" time="0.005" classname="org.test.Demo"/>
  <testcase name="tc5" time="0.002" classname="org.test.Demo"/>
  <testcase name="tc5" time="0.002" classname="org.test.Demo"/>
  <testcase name="tc3" time="0.003" classname="org.test.Demo"/>
  <testcase name="tc2" time="0.002" classname="org.test.Demo"/>
  <testcase name="tc6" classname="org.test.Demo">
    <skipped/>
  </testcase> <!-- tc6 -->
</testsuite> <!-- org.test.Demo -->
