<?xml version="1.0" encoding="UTF-8"?>
<!-- Generated by org.testng.reporters.JUnitReportReporter -->
<testsuite skipped="0" hostname="Lenovo" name="org.test.B" tests="1" failures="0" timestamp="07 Jan 2022 05:49:52 GMT" time="0.000" errors="0">
  <testcase name="tc11" time="0.000" classname="org.test.B"/>
</testsuite> <!-- org.test.B -->
