<?xml version="1.0" encoding="UTF-8"?>
<!-- Generated by org.testng.reporters.JUnitReportReporter -->
<testsuite skipped="0" hostname="Lenovo" name="org.test.A" tests="3" failures="0" timestamp="07 Jan 2022 05:49:52 GMT" time="0.031" errors="0">
  <testcase name="tc2" time="0.000" classname="org.test.A"/>
  <testcase name="tc3" time="0.000" classname="org.test.A"/>
  <testcase name="tc1" time="0.031" classname="org.test.A"/>
</testsuite> <!-- org.test.A -->
